<?xml version="1.0" encoding="UTF-8"?>
<!-- Generated by org.testng.reporters.JUnitXMLReporter -->
<testsuite hostname="LIN76000092" name="Driver2" tests="1" failures="1" timestamp="28 Nov 2016 06:09:32 GMT" time="0.898" errors="0">
  <testcase name="Main1" time="0.872" classname="com.pc.driver.Driver2">
    <failure type="java.lang.NullPointerException">
      <![CDATA[java.lang.NullPointerException
	at com.pc.utilities.Common.TerminationScreenShot(Common.java:757)
	at com.pc.utilities.Common.RunTest(Common.java:1190)
	at com.pc.driver.Driver2.Main1(Driver2.java:15)
	at java.util.concurrent.FutureTask.run(Unknown Source)
	at java.util.concurrent.ThreadPoolExecutor.runWorker(Unknown Source)
	at java.util.concurrent.ThreadPoolExecutor$Worker.run(Unknown Source)
	at java.lang.Thread.run(Unknown Source)
... Removed 16 stack frames]]>
    </failure>
  </testcase> <!-- Main1 -->
</testsuite> <!-- Driver2 -->
